26/08/2022 11:11:11 AM : INFO : database : Connection to mongodb is successful
26/08/2022 11:11:11 AM : INFO : database : database and collection is created
26/08/2022 11:11:35 AM : INFO : database : Records uploaded to database successfully
26/08/2022 11:11:35 AM : INFO : database : Connection to mongodb is successful
26/08/2022 11:11:35 AM : INFO : database : database and collection is created
26/08/2022 11:11:35 AM : INFO : database : Record fetched from database successfully
26/08/2022 11:11:36 AM : INFO : database : Connection to mongodb is successful
26/08/2022 11:11:36 AM : INFO : database : database and collection is created
26/08/2022 11:11:37 AM : INFO : database : Collection deleted successfully.
26/08/2022 11:13:15 AM : INFO : database : Connection to mongodb is successful
26/08/2022 11:13:15 AM : INFO : database : database and collection is created
26/08/2022 11:13:25 AM : INFO : database : Records uploaded to database successfully
26/08/2022 11:13:25 AM : INFO : database : Connection to mongodb is successful
26/08/2022 11:13:25 AM : INFO : database : database and collection is created
26/08/2022 11:13:25 AM : INFO : database : Record fetched from database successfully
26/08/2022 11:13:25 AM : INFO : database : Connection to mongodb is successful
26/08/2022 11:13:25 AM : INFO : database : database and collection is created
26/08/2022 11:13:26 AM : INFO : database : Collection deleted successfully.
26/08/2022 11:16:03 AM : INFO : database : Connection to mongodb is successful
26/08/2022 11:16:03 AM : INFO : database : database and collection is created
26/08/2022 11:16:07 AM : INFO : database : Records uploaded to database successfully
26/08/2022 11:16:07 AM : INFO : database : Connection to mongodb is successful
26/08/2022 11:16:07 AM : INFO : database : database and collection is created
26/08/2022 11:16:07 AM : INFO : database : Record fetched from database successfully
26/08/2022 11:16:08 AM : INFO : database : Connection to mongodb is successful
26/08/2022 11:16:08 AM : INFO : database : database and collection is created
26/08/2022 11:16:08 AM : INFO : database : Collection deleted successfully.
26/08/2022 11:22:21 AM : INFO : database : Connection to mongodb is successful
26/08/2022 11:22:21 AM : INFO : database : database and collection is created
26/08/2022 11:22:40 AM : INFO : database : Records uploaded to database successfully
26/08/2022 11:22:41 AM : INFO : database : Connection to mongodb is successful
26/08/2022 11:22:41 AM : INFO : database : database and collection is created
26/08/2022 11:22:41 AM : INFO : database : Record fetched from database successfully
26/08/2022 11:22:41 AM : INFO : database : Connection to mongodb is successful
26/08/2022 11:22:41 AM : INFO : database : database and collection is created
26/08/2022 11:22:42 AM : INFO : database : Collection deleted successfully.
